Using pre-set license
Built from '2021.1/staging' branch; Version is '2021.1.5f1 (3737af19df53) revision 3618735'; Using compiler version '192528614'; Build Type 'Release'
OS: 'Windows 10 Home Single Language; OS build 19042.985; Version 2009; 64bit' Language: 'en' Physical Memory: 8076 MB
BatchMode: 1, IsHumanControllingUs: 0, StartBugReporterOnCrash: 0, Is64bit: 1, IsPro: 0

 COMMAND LINE ARGUMENTS:
C:\Program Files\Unity\Hub\Editor\2021.1.5f1\Editor\Unity.exe
-adb2
-batchMode
-noUpm
-name
AssetImportWorker0
-projectPath
D:/MS Word files/School/ADMU/3rd year/2nd Sem/ISCS Game Dev/OverTheShoulder
-logFile
Logs/AssetImportWorker0.log
-srvPort
59912
Successfully changed project path to: D:/MS Word files/School/ADMU/3rd year/2nd Sem/ISCS Game Dev/OverTheShoulder
D:/MS Word files/School/ADMU/3rd year/2nd Sem/ISCS Game Dev/OverTheShoulder
Using Asset Import Pipeline V2.
Refreshing native plugins compatible for Editor in 39.34 ms, found 0 plugins.
Preloading 0 native plugins for Editor in 0.00 ms.
Initialize engine version: 2021.1.5f1 (3737af19df53)
[Subsystems] Discovering subsystems at path C:/Program Files/Unity/Hub/Editor/2021.1.5f1/Editor/Data/Resources/UnitySubsystems
[Subsystems] Discovering subsystems at path D:/MS Word files/School/ADMU/3rd year/2nd Sem/ISCS Game Dev/OverTheShoulder/Assets
GfxDevice: creating device client; threaded=0; jobified=0
Direct3D:
    Version:  Direct3D 11.0 [level 11.1]
    Renderer: NVIDIA GeForce GTX 1050 (ID=0x1c8d)
    Vendor:   NVIDIA
    VRAM:     1979 MB
    Driver:   27.21.14.6647
Initialize mono
Mono path[0] = 'C:/Program Files/Unity/Hub/Editor/2021.1.5f1/Editor/Data/Managed'
Mono path[1] = 'C:/Program Files/Unity/Hub/Editor/2021.1.5f1/Editor/Data/MonoBleedingEdge/lib/mono/unityjit'
Mono config path = 'C:/Program Files/Unity/Hub/Editor/2021.1.5f1/Editor/Data/MonoBleedingEdge/etc'
Using monoOptions --debugger-agent=transport=dt_socket,embedding=1,server=y,suspend=n,address=127.0.0.1:56768
Begin MonoManager ReloadAssembly
Registering precompiled unity dll's ...
Register platform support module: C:/Program Files/Unity/Hub/Editor/2021.1.5f1/Editor/Data/PlaybackEngines/MacStandaloneSupport/UnityEditor.OSXStandalone.Extensions.dll
Register platform support module: C:/Program Files/Unity/Hub/Editor/2021.1.5f1/Editor/Data/PlaybackEngines/WindowsStandaloneSupport/UnityEditor.WindowsStandalone.Extensions.dll
Registered in 0.002747 seconds.
Native extension for WindowsStandalone target not found
Native extension for OSXStandalone target not found
Refreshing native plugins compatible for Editor in 44.89 ms, found 0 plugins.
Preloading 0 native plugins for Editor in 0.00 ms.
Mono: successfully reloaded assembly
- Completed reload, in  1.622 seconds
Platform modules already initialized, skipping
Registering precompiled user dll's ...
Registered in 0.001692 seconds.
Begin MonoManager ReloadAssembly
Symbol file data-0000026C061941B0 doesn't match image D:\MS Word files\School\ADMU\3rd year\2nd Sem\ISCS Game Dev\OverTheShoulder\Library\ScriptAssemblies\Unity.VSCode.Editor.dll
Symbol file LoadedFromMemory is not a mono symbol file
Symbol file data-0000026BDFE08D70 doesn't match image D:\MS Word files\School\ADMU\3rd year\2nd Sem\ISCS Game Dev\OverTheShoulder\Library\ScriptAssemblies\Unity.VisualStudio.Editor.dll
Symbol file LoadedFromMemory is not a mono symbol file
Native extension for WindowsStandalone target not found
Native extension for OSXStandalone target not found
Refreshing native plugins compatible for Editor in 0.34 ms, found 0 plugins.
Preloading 0 native plugins for Editor in 0.00 ms.
Mono: successfully reloaded assembly
- Completed reload, in  1.862 seconds
Platform modules already initialized, skipping
========================================================================
Worker process is ready to serve import requests
Launched and connected shader compiler UnityShaderCompiler.exe after 0.05 seconds
Refreshing native plugins compatible for Editor in 0.33 ms, found 0 plugins.
Preloading 0 native plugins for Editor in 0.00 ms.
Unloading 1700 Unused Serialized files (Serialized files now loaded: 0)
System memory in use before: 172.0 MB.
System memory in use after: 172.1 MB.

Unloading 12 unused Assets to reduce memory usage. Loaded Objects now: 2178.
Total: 2.939500 ms (FindLiveObjects: 0.156500 ms CreateObjectMapping: 0.074800 ms MarkObjects: 2.572800 ms  DeleteObjects: 0.134300 ms)

========================================================================
Received Import Request.
  path: Assets/Scripts/EnemyAI.cs
  artifactKey: Guid(92be217c1b8ed924e9b0fe829622e63f) Importer(815301076,1909f56bfc062723c751e8b465ee728b)
Start importing Assets/Scripts/EnemyAI.cs using Guid(92be217c1b8ed924e9b0fe829622e63f) Importer(815301076,1909f56bfc062723c751e8b465ee728b)  -> (artifact id: '21375858c20046b7cbf5b0a060471170') in 0.263381 seconds 
========================================================================
Received Import Request.
  Time since last request: 358.053773 seconds.
  path: Assets/SlimeRabbit/Animator/SlimeRabbitAnim.controller
  artifactKey: Guid(c4aa28baba0cd1744abfd30b0b913647) Importer(815301076,1909f56bfc062723c751e8b465ee728b)
Start importing Assets/SlimeRabbit/Animator/SlimeRabbitAnim.controller using Guid(c4aa28baba0cd1744abfd30b0b913647) Importer(815301076,1909f56bfc062723c751e8b465ee728b)  -> (artifact id: 'b78c90e6fa283fb261b1f0ba7441ecaa') in 0.353382 seconds 
========================================================================
Received Prepare
Registering precompiled user dll's ...
Registered in 0.002581 seconds.
Begin MonoManager ReloadAssembly
Symbol file data-0000026BE0101410 doesn't match image D:\MS Word files\School\ADMU\3rd year\2nd Sem\ISCS Game Dev\OverTheShoulder\Library\ScriptAssemblies\Unity.VSCode.Editor.dll
Symbol file LoadedFromMemory is not a mono symbol file
Symbol file data-0000026C09F67010 doesn't match image D:\MS Word files\School\ADMU\3rd year\2nd Sem\ISCS Game Dev\OverTheShoulder\Library\ScriptAssemblies\Unity.VisualStudio.Editor.dll
Symbol file LoadedFromMemory is not a mono symbol file
Native extension for WindowsStandalone target not found
Native extension for OSXStandalone target not found
Refreshing native plugins compatible for Editor in 0.50 ms, found 0 plugins.
Preloading 0 native plugins for Editor in 0.00 ms.
Mono: successfully reloaded assembly
- Completed reload, in  1.487 seconds
Platform modules already initialized, skipping
Refreshing native plugins compatible for Editor in 0.90 ms, found 0 plugins.
Preloading 0 native plugins for Editor in 0.00 ms.
Unloading 1690 Unused Serialized files (Serialized files now loaded: 0)
System memory in use before: 171.6 MB.
System memory in use after: 171.6 MB.

Unloading 7 unused Assets to reduce memory usage. Loaded Objects now: 2181.
Total: 3.490500 ms (FindLiveObjects: 0.220000 ms CreateObjectMapping: 0.078900 ms MarkObjects: 3.124100 ms  DeleteObjects: 0.065600 ms)

========================================================================
Received Prepare
Registering precompiled user dll's ...
Registered in 0.001936 seconds.
Begin MonoManager ReloadAssembly
Symbol file data-0000026C4BEAB060 doesn't match image D:\MS Word files\School\ADMU\3rd year\2nd Sem\ISCS Game Dev\OverTheShoulder\Library\ScriptAssemblies\Unity.VSCode.Editor.dll
Symbol file LoadedFromMemory is not a mono symbol file
Symbol file data-0000026C09B356F0 doesn't match image D:\MS Word files\School\ADMU\3rd year\2nd Sem\ISCS Game Dev\OverTheShoulder\Library\ScriptAssemblies\Unity.VisualStudio.Editor.dll
Symbol file LoadedFromMemory is not a mono symbol file
Native extension for WindowsStandalone target not found
Native extension for OSXStandalone target not found
Refreshing native plugins compatible for Editor in 0.31 ms, found 0 plugins.
Preloading 0 native plugins for Editor in 0.00 ms.
Mono: successfully reloaded assembly
- Completed reload, in  1.026 seconds
Platform modules already initialized, skipping
Refreshing native plugins compatible for Editor in 0.32 ms, found 0 plugins.
Preloading 0 native plugins for Editor in 0.00 ms.
Unloading 1690 Unused Serialized files (Serialized files now loaded: 0)
System memory in use before: 171.6 MB.
System memory in use after: 171.7 MB.

Unloading 7 unused Assets to reduce memory usage. Loaded Objects now: 2184.
Total: 2.450700 ms (FindLiveObjects: 0.137100 ms CreateObjectMapping: 0.054300 ms MarkObjects: 2.153400 ms  DeleteObjects: 0.104700 ms)

========================================================================
Received Prepare
Registering precompiled user dll's ...
Registered in 0.001955 seconds.
Begin MonoManager ReloadAssembly
Symbol file data-0000026C09FA9020 doesn't match image D:\MS Word files\School\ADMU\3rd year\2nd Sem\ISCS Game Dev\OverTheShoulder\Library\ScriptAssemblies\Unity.VSCode.Editor.dll
Symbol file LoadedFromMemory is not a mono symbol file
Symbol file data-0000026C4BEAE9C0 doesn't match image D:\MS Word files\School\ADMU\3rd year\2nd Sem\ISCS Game Dev\OverTheShoulder\Library\ScriptAssemblies\Unity.VisualStudio.Editor.dll
Symbol file LoadedFromMemory is not a mono symbol file
Native extension for WindowsStandalone target not found
Native extension for OSXStandalone target not found
Refreshing native plugins compatible for Editor in 0.31 ms, found 0 plugins.
Preloading 0 native plugins for Editor in 0.00 ms.
Mono: successfully reloaded assembly
- Completed reload, in  1.068 seconds
Platform modules already initialized, skipping
Refreshing native plugins compatible for Editor in 0.34 ms, found 0 plugins.
Preloading 0 native plugins for Editor in 0.00 ms.
Unloading 1690 Unused Serialized files (Serialized files now loaded: 0)
System memory in use before: 171.6 MB.
System memory in use after: 171.7 MB.

Unloading 7 unused Assets to reduce memory usage. Loaded Objects now: 2187.
Total: 2.953900 ms (FindLiveObjects: 0.158700 ms CreateObjectMapping: 0.055700 ms MarkObjects: 2.674600 ms  DeleteObjects: 0.063600 ms)

========================================================================
Received Prepare
Registering precompiled user dll's ...
Registered in 0.060133 seconds.
Begin MonoManager ReloadAssembly
Symbol file data-0000026BE07AA030 doesn't match image D:\MS Word files\School\ADMU\3rd year\2nd Sem\ISCS Game Dev\OverTheShoulder\Library\ScriptAssemblies\Unity.VSCode.Editor.dll
Symbol file LoadedFromMemory is not a mono symbol file
Symbol file data-0000026C05468030 doesn't match image D:\MS Word files\School\ADMU\3rd year\2nd Sem\ISCS Game Dev\OverTheShoulder\Library\ScriptAssemblies\Unity.VisualStudio.Editor.dll
Symbol file LoadedFromMemory is not a mono symbol file
Native extension for WindowsStandalone target not found
Native extension for OSXStandalone target not found
Refreshing native plugins compatible for Editor in 0.39 ms, found 0 plugins.
Preloading 0 native plugins for Editor in 0.00 ms.
Mono: successfully reloaded assembly
- Completed reload, in  1.706 seconds
Platform modules already initialized, skipping
Refreshing native plugins compatible for Editor in 0.36 ms, found 0 plugins.
Preloading 0 native plugins for Editor in 0.00 ms.
Unloading 1690 Unused Serialized files (Serialized files now loaded: 0)
System memory in use before: 171.6 MB.
System memory in use after: 171.7 MB.

Unloading 7 unused Assets to reduce memory usage. Loaded Objects now: 2190.
Total: 4.471000 ms (FindLiveObjects: 0.258600 ms CreateObjectMapping: 0.160300 ms MarkObjects: 3.988600 ms  DeleteObjects: 0.061800 ms)

========================================================================
Received Prepare
Registering precompiled user dll's ...
Registered in 0.001617 seconds.
Begin MonoManager ReloadAssembly
Symbol file data-0000026C05247420 doesn't match image D:\MS Word files\School\ADMU\3rd year\2nd Sem\ISCS Game Dev\OverTheShoulder\Library\ScriptAssemblies\Unity.VSCode.Editor.dll
Symbol file LoadedFromMemory is not a mono symbol file
Symbol file data-0000026C09FA8010 doesn't match image D:\MS Word files\School\ADMU\3rd year\2nd Sem\ISCS Game Dev\OverTheShoulder\Library\ScriptAssemblies\Unity.VisualStudio.Editor.dll
Symbol file LoadedFromMemory is not a mono symbol file
Native extension for WindowsStandalone target not found
Native extension for OSXStandalone target not found
Refreshing native plugins compatible for Editor in 0.38 ms, found 0 plugins.
Preloading 0 native plugins for Editor in 0.00 ms.
Mono: successfully reloaded assembly
- Completed reload, in  1.544 seconds
Platform modules already initialized, skipping
Refreshing native plugins compatible for Editor in 0.33 ms, found 0 plugins.
Preloading 0 native plugins for Editor in 0.00 ms.
Unloading 1690 Unused Serialized files (Serialized files now loaded: 0)
System memory in use before: 171.6 MB.
System memory in use after: 171.7 MB.

Unloading 7 unused Assets to reduce memory usage. Loaded Objects now: 2193.
Total: 3.130600 ms (FindLiveObjects: 0.151100 ms CreateObjectMapping: 0.051500 ms MarkObjects: 2.848900 ms  DeleteObjects: 0.077900 ms)

========================================================================
Received Prepare
Registering precompiled user dll's ...
Registered in 0.001757 seconds.
Begin MonoManager ReloadAssembly
Symbol file data-0000026C08BD1010 doesn't match image D:\MS Word files\School\ADMU\3rd year\2nd Sem\ISCS Game Dev\OverTheShoulder\Library\ScriptAssemblies\Unity.VSCode.Editor.dll
Symbol file LoadedFromMemory is not a mono symbol file
Symbol file data-0000026C09B356F0 doesn't match image D:\MS Word files\School\ADMU\3rd year\2nd Sem\ISCS Game Dev\OverTheShoulder\Library\ScriptAssemblies\Unity.VisualStudio.Editor.dll
Symbol file LoadedFromMemory is not a mono symbol file
Native extension for WindowsStandalone target not found
Native extension for OSXStandalone target not found
Refreshing native plugins compatible for Editor in 0.47 ms, found 0 plugins.
Preloading 0 native plugins for Editor in 0.00 ms.
Mono: successfully reloaded assembly
- Completed reload, in  1.155 seconds
Platform modules already initialized, skipping
Refreshing native plugins compatible for Editor in 0.33 ms, found 0 plugins.
Preloading 0 native plugins for Editor in 0.00 ms.
Unloading 1690 Unused Serialized files (Serialized files now loaded: 0)
System memory in use before: 171.6 MB.
System memory in use after: 171.7 MB.

Unloading 7 unused Assets to reduce memory usage. Loaded Objects now: 2196.
Total: 2.719500 ms (FindLiveObjects: 0.157100 ms CreateObjectMapping: 0.060400 ms MarkObjects: 2.392000 ms  DeleteObjects: 0.108400 ms)

========================================================================
Received Prepare
Registering precompiled user dll's ...
Registered in 0.002729 seconds.
Begin MonoManager ReloadAssembly
Symbol file data-0000026C046C9FD0 doesn't match image D:\MS Word files\School\ADMU\3rd year\2nd Sem\ISCS Game Dev\OverTheShoulder\Library\ScriptAssemblies\Unity.VSCode.Editor.dll
Symbol file LoadedFromMemory is not a mono symbol file
Symbol file data-0000026C04973020 doesn't match image D:\MS Word files\School\ADMU\3rd year\2nd Sem\ISCS Game Dev\OverTheShoulder\Library\ScriptAssemblies\Unity.VisualStudio.Editor.dll
Symbol file LoadedFromMemory is not a mono symbol file
Native extension for WindowsStandalone target not found
Native extension for OSXStandalone target not found
Refreshing native plugins compatible for Editor in 0.41 ms, found 0 plugins.
Preloading 0 native plugins for Editor in 0.00 ms.
Mono: successfully reloaded assembly
- Completed reload, in  1.085 seconds
Platform modules already initialized, skipping
Refreshing native plugins compatible for Editor in 0.31 ms, found 0 plugins.
Preloading 0 native plugins for Editor in 0.00 ms.
Unloading 1690 Unused Serialized files (Serialized files now loaded: 0)
System memory in use before: 171.6 MB.
System memory in use after: 171.7 MB.

Unloading 7 unused Assets to reduce memory usage. Loaded Objects now: 2199.
Total: 2.940500 ms (FindLiveObjects: 0.158500 ms CreateObjectMapping: 0.056100 ms MarkObjects: 2.648600 ms  DeleteObjects: 0.076100 ms)

========================================================================
Received Prepare
Registering precompiled user dll's ...
Registered in 0.002393 seconds.
Begin MonoManager ReloadAssembly
Symbol file data-0000026C061971E0 doesn't match image D:\MS Word files\School\ADMU\3rd year\2nd Sem\ISCS Game Dev\OverTheShoulder\Library\ScriptAssemblies\Unity.VSCode.Editor.dll
Symbol file LoadedFromMemory is not a mono symbol file
Symbol file data-0000026C05105030 doesn't match image D:\MS Word files\School\ADMU\3rd year\2nd Sem\ISCS Game Dev\OverTheShoulder\Library\ScriptAssemblies\Unity.VisualStudio.Editor.dll
Symbol file LoadedFromMemory is not a mono symbol file
Native extension for WindowsStandalone target not found
Native extension for OSXStandalone target not found
Refreshing native plugins compatible for Editor in 0.32 ms, found 0 plugins.
Preloading 0 native plugins for Editor in 0.00 ms.
Mono: successfully reloaded assembly
- Completed reload, in  1.077 seconds
Platform modules already initialized, skipping
Refreshing native plugins compatible for Editor in 0.40 ms, found 0 plugins.
Preloading 0 native plugins for Editor in 0.00 ms.
Unloading 1690 Unused Serialized files (Serialized files now loaded: 0)
System memory in use before: 171.6 MB.
System memory in use after: 171.7 MB.

Unloading 7 unused Assets to reduce memory usage. Loaded Objects now: 2202.
Total: 2.979400 ms (FindLiveObjects: 0.218800 ms CreateObjectMapping: 0.059300 ms MarkObjects: 2.611100 ms  DeleteObjects: 0.089000 ms)

========================================================================
Received Prepare
Registering precompiled user dll's ...
Registered in 0.001706 seconds.
Begin MonoManager ReloadAssembly
Symbol file data-0000026C05247420 doesn't match image D:\MS Word files\School\ADMU\3rd year\2nd Sem\ISCS Game Dev\OverTheShoulder\Library\ScriptAssemblies\Unity.VSCode.Editor.dll
Symbol file LoadedFromMemory is not a mono symbol file
Symbol file data-0000026C04973020 doesn't match image D:\MS Word files\School\ADMU\3rd year\2nd Sem\ISCS Game Dev\OverTheShoulder\Library\ScriptAssemblies\Unity.VisualStudio.Editor.dll
Symbol file LoadedFromMemory is not a mono symbol file
Native extension for WindowsStandalone target not found
Native extension for OSXStandalone target not found
Refreshing native plugins compatible for Editor in 0.35 ms, found 0 plugins.
Preloading 0 native plugins for Editor in 0.00 ms.
Mono: successfully reloaded assembly
- Completed reload, in  1.111 seconds
Platform modules already initialized, skipping
Refreshing native plugins compatible for Editor in 0.33 ms, found 0 plugins.
Preloading 0 native plugins for Editor in 0.00 ms.
Unloading 1690 Unused Serialized files (Serialized files now loaded: 0)
System memory in use before: 171.6 MB.
System memory in use after: 171.7 MB.

Unloading 7 unused Assets to reduce memory usage. Loaded Objects now: 2205.
Total: 3.071300 ms (FindLiveObjects: 0.160300 ms CreateObjectMapping: 0.056300 ms MarkObjects: 2.749800 ms  DeleteObjects: 0.103600 ms)

========================================================================
Received Prepare
Registering precompiled user dll's ...
Registered in 0.001879 seconds.
Begin MonoManager ReloadAssembly
Symbol file data-0000026C4F840AB0 doesn't match image D:\MS Word files\School\ADMU\3rd year\2nd Sem\ISCS Game Dev\OverTheShoulder\Library\ScriptAssemblies\Unity.VSCode.Editor.dll
Symbol file LoadedFromMemory is not a mono symbol file
Symbol file data-0000026C05105030 doesn't match image D:\MS Word files\School\ADMU\3rd year\2nd Sem\ISCS Game Dev\OverTheShoulder\Library\ScriptAssemblies\Unity.VisualStudio.Editor.dll
Symbol file LoadedFromMemory is not a mono symbol file
Native extension for WindowsStandalone target not found
Native extension for OSXStandalone target not found
Refreshing native plugins compatible for Editor in 0.35 ms, found 0 plugins.
Preloading 0 native plugins for Editor in 0.00 ms.
Mono: successfully reloaded assembly
- Completed reload, in  1.166 seconds
Platform modules already initialized, skipping
Refreshing native plugins compatible for Editor in 0.33 ms, found 0 plugins.
Preloading 0 native plugins for Editor in 0.00 ms.
Unloading 1690 Unused Serialized files (Serialized files now loaded: 0)
System memory in use before: 171.7 MB.
System memory in use after: 171.7 MB.

Unloading 7 unused Assets to reduce memory usage. Loaded Objects now: 2208.
Total: 3.105500 ms (FindLiveObjects: 0.172800 ms CreateObjectMapping: 0.062000 ms MarkObjects: 2.778800 ms  DeleteObjects: 0.090700 ms)

========================================================================
Received Prepare
Registering precompiled user dll's ...
Registered in 0.002528 seconds.
Begin MonoManager ReloadAssembly
Symbol file data-0000026C06D8DE60 doesn't match image D:\MS Word files\School\ADMU\3rd year\2nd Sem\ISCS Game Dev\OverTheShoulder\Library\ScriptAssemblies\Unity.VSCode.Editor.dll
Symbol file LoadedFromMemory is not a mono symbol file
Symbol file data-0000026C04973020 doesn't match image D:\MS Word files\School\ADMU\3rd year\2nd Sem\ISCS Game Dev\OverTheShoulder\Library\ScriptAssemblies\Unity.VisualStudio.Editor.dll
Symbol file LoadedFromMemory is not a mono symbol file
Native extension for WindowsStandalone target not found
Native extension for OSXStandalone target not found
Refreshing native plugins compatible for Editor in 0.32 ms, found 0 plugins.
Preloading 0 native plugins for Editor in 0.00 ms.
Mono: successfully reloaded assembly
- Completed reload, in  1.151 seconds
Platform modules already initialized, skipping
Refreshing native plugins compatible for Editor in 0.33 ms, found 0 plugins.
Preloading 0 native plugins for Editor in 0.00 ms.
Unloading 1690 Unused Serialized files (Serialized files now loaded: 0)
System memory in use before: 171.7 MB.
System memory in use after: 171.7 MB.

Unloading 7 unused Assets to reduce memory usage. Loaded Objects now: 2211.
Total: 3.132800 ms (FindLiveObjects: 0.157100 ms CreateObjectMapping: 0.053700 ms MarkObjects: 2.845700 ms  DeleteObjects: 0.074900 ms)

========================================================================
Received Prepare
Registering precompiled user dll's ...
Registered in 0.001689 seconds.
Begin MonoManager ReloadAssembly
Symbol file data-0000026C4FFDFCB0 doesn't match image D:\MS Word files\School\ADMU\3rd year\2nd Sem\ISCS Game Dev\OverTheShoulder\Library\ScriptAssemblies\Unity.VSCode.Editor.dll
Symbol file LoadedFromMemory is not a mono symbol file
Symbol file data-0000026C05105030 doesn't match image D:\MS Word files\School\ADMU\3rd year\2nd Sem\ISCS Game Dev\OverTheShoulder\Library\ScriptAssemblies\Unity.VisualStudio.Editor.dll
Symbol file LoadedFromMemory is not a mono symbol file
Native extension for WindowsStandalone target not found
Native extension for OSXStandalone target not found
Refreshing native plugins compatible for Editor in 0.61 ms, found 0 plugins.
Preloading 0 native plugins for Editor in 0.00 ms.
Mono: successfully reloaded assembly
- Completed reload, in  1.213 seconds
Platform modules already initialized, skipping
Refreshing native plugins compatible for Editor in 0.33 ms, found 0 plugins.
Preloading 0 native plugins for Editor in 0.00 ms.
Unloading 1690 Unused Serialized files (Serialized files now loaded: 0)
System memory in use before: 171.7 MB.
System memory in use after: 171.8 MB.

Unloading 7 unused Assets to reduce memory usage. Loaded Objects now: 2214.
Total: 3.973000 ms (FindLiveObjects: 0.166800 ms CreateObjectMapping: 0.058200 ms MarkObjects: 3.651300 ms  DeleteObjects: 0.095400 ms)

========================================================================
Received Prepare
Registering precompiled user dll's ...
Registered in 0.001688 seconds.
Begin MonoManager ReloadAssembly
Symbol file data-0000026C08C2C030 doesn't match image D:\MS Word files\School\ADMU\3rd year\2nd Sem\ISCS Game Dev\OverTheShoulder\Library\ScriptAssemblies\Unity.VSCode.Editor.dll
Symbol file LoadedFromMemory is not a mono symbol file
Symbol file data-0000026C04973020 doesn't match image D:\MS Word files\School\ADMU\3rd year\2nd Sem\ISCS Game Dev\OverTheShoulder\Library\ScriptAssemblies\Unity.VisualStudio.Editor.dll
Symbol file LoadedFromMemory is not a mono symbol file
Native extension for WindowsStandalone target not found
Native extension for OSXStandalone target not found
Refreshing native plugins compatible for Editor in 0.83 ms, found 0 plugins.
Preloading 0 native plugins for Editor in 0.00 ms.
Mono: successfully reloaded assembly
- Completed reload, in  1.267 seconds
Platform modules already initialized, skipping
Refreshing native plugins compatible for Editor in 0.32 ms, found 0 plugins.
Preloading 0 native plugins for Editor in 0.00 ms.
Unloading 1690 Unused Serialized files (Serialized files now loaded: 0)
System memory in use before: 171.7 MB.
System memory in use after: 171.8 MB.

Unloading 7 unused Assets to reduce memory usage. Loaded Objects now: 2217.
Total: 3.154200 ms (FindLiveObjects: 0.164600 ms CreateObjectMapping: 0.059300 ms MarkObjects: 2.839900 ms  DeleteObjects: 0.089000 ms)

========================================================================
Received Prepare
Registering precompiled user dll's ...
Registered in 0.003619 seconds.
Begin MonoManager ReloadAssembly
Symbol file data-0000026C05247420 doesn't match image D:\MS Word files\School\ADMU\3rd year\2nd Sem\ISCS Game Dev\OverTheShoulder\Library\ScriptAssemblies\Unity.VSCode.Editor.dll
Symbol file LoadedFromMemory is not a mono symbol file
Symbol file data-0000026C05105030 doesn't match image D:\MS Word files\School\ADMU\3rd year\2nd Sem\ISCS Game Dev\OverTheShoulder\Library\ScriptAssemblies\Unity.VisualStudio.Editor.dll
Symbol file LoadedFromMemory is not a mono symbol file
Native extension for WindowsStandalone target not found
Native extension for OSXStandalone target not found
Refreshing native plugins compatible for Editor in 0.33 ms, found 0 plugins.
Preloading 0 native plugins for Editor in 0.00 ms.
Mono: successfully reloaded assembly
- Completed reload, in  1.106 seconds
Platform modules already initialized, skipping
Refreshing native plugins compatible for Editor in 0.32 ms, found 0 plugins.
Preloading 0 native plugins for Editor in 0.00 ms.
Unloading 1690 Unused Serialized files (Serialized files now loaded: 0)
System memory in use before: 171.7 MB.
System memory in use after: 171.8 MB.

Unloading 7 unused Assets to reduce memory usage. Loaded Objects now: 2220.
Total: 3.488400 ms (FindLiveObjects: 0.159000 ms CreateObjectMapping: 0.055000 ms MarkObjects: 3.183600 ms  DeleteObjects: 0.089700 ms)

========================================================================
Received Import Request.
  Time since last request: 1687.337353 seconds.
  path: Assets/SlimeRabbit/Animator/SlimeRabbitAnim.controller
  artifactKey: Guid(c4aa28baba0cd1744abfd30b0b913647) Importer(815301076,1909f56bfc062723c751e8b465ee728b)
Start importing Assets/SlimeRabbit/Animator/SlimeRabbitAnim.controller using Guid(c4aa28baba0cd1744abfd30b0b913647) Importer(815301076,1909f56bfc062723c751e8b465ee728b)  -> (artifact id: 'd6c77064375e990e3dbb8d8dfd51479d') in 0.624492 seconds 
========================================================================
Received Import Request.
  Time since last request: 39.039103 seconds.
  path: Assets/Prefabs
  artifactKey: Guid(c275d5c7fd00a7f46b916b023d0a28e0) Importer(815301076,1909f56bfc062723c751e8b465ee728b)
Start importing Assets/Prefabs using Guid(c275d5c7fd00a7f46b916b023d0a28e0) Importer(815301076,1909f56bfc062723c751e8b465ee728b)  -> (artifact id: 'd42361d6658dd7a1ca867f135e28b0d4') in 0.125491 seconds 
========================================================================
Received Import Request.
  Time since last request: 0.000365 seconds.
  path: Assets/Prefabs/Enemy.prefab
  artifactKey: Guid(f58efb8ffae9e304cbbc4660e3e8b480) Importer(815301076,1909f56bfc062723c751e8b465ee728b)
Start importing Assets/Prefabs/Enemy.prefab using Guid(f58efb8ffae9e304cbbc4660e3e8b480) Importer(815301076,1909f56bfc062723c751e8b465ee728b)  -> (artifact id: 'd8ebc23d5d8c471d87ca1ea225fbd394') in 0.882882 seconds 
========================================================================
Received Prepare
Registering precompiled user dll's ...
Registered in 0.001770 seconds.
Begin MonoManager ReloadAssembly
Symbol file data-0000026C0A8AADE0 doesn't match image D:\MS Word files\School\ADMU\3rd year\2nd Sem\ISCS Game Dev\OverTheShoulder\Library\ScriptAssemblies\Unity.VSCode.Editor.dll
Symbol file LoadedFromMemory is not a mono symbol file
Symbol file data-0000026C066616A0 doesn't match image D:\MS Word files\School\ADMU\3rd year\2nd Sem\ISCS Game Dev\OverTheShoulder\Library\ScriptAssemblies\Unity.VisualStudio.Editor.dll
Symbol file LoadedFromMemory is not a mono symbol file
Native extension for WindowsStandalone target not found
Native extension for OSXStandalone target not found
Refreshing native plugins compatible for Editor in 0.32 ms, found 0 plugins.
Preloading 0 native plugins for Editor in 0.00 ms.
Mono: successfully reloaded assembly
- Completed reload, in  1.014 seconds
Platform modules already initialized, skipping
Refreshing native plugins compatible for Editor in 0.32 ms, found 0 plugins.
Preloading 0 native plugins for Editor in 0.00 ms.
Unloading 1690 Unused Serialized files (Serialized files now loaded: 0)
System memory in use before: 189.2 MB.
System memory in use after: 189.3 MB.

Unloading 7 unused Assets to reduce memory usage. Loaded Objects now: 2231.
Total: 2.817000 ms (FindLiveObjects: 0.142200 ms CreateObjectMapping: 0.055800 ms MarkObjects: 2.543100 ms  DeleteObjects: 0.074900 ms)

========================================================================
Received Import Request.
  Time since last request: 18.695253 seconds.
  path: Assets/SlimeRabbit/Prefab/SlimeRabbit_Prefab.prefab
  artifactKey: Guid(57d78de69bcaf8a4e969c0c3350b859b) Importer(815301076,1909f56bfc062723c751e8b465ee728b)
Start importing Assets/SlimeRabbit/Prefab/SlimeRabbit_Prefab.prefab using Guid(57d78de69bcaf8a4e969c0c3350b859b) Importer(815301076,1909f56bfc062723c751e8b465ee728b)  -> (artifact id: '0d5f8648fe4f68acb628d5c955c07db5') in 0.109128 seconds 
========================================================================
Received Prepare
Registering precompiled user dll's ...
Registered in 0.001586 seconds.
Begin MonoManager ReloadAssembly
Symbol file data-0000026C517ECD00 doesn't match image D:\MS Word files\School\ADMU\3rd year\2nd Sem\ISCS Game Dev\OverTheShoulder\Library\ScriptAssemblies\Unity.VSCode.Editor.dll
Symbol file LoadedFromMemory is not a mono symbol file
Symbol file data-0000026C066616A0 doesn't match image D:\MS Word files\School\ADMU\3rd year\2nd Sem\ISCS Game Dev\OverTheShoulder\Library\ScriptAssemblies\Unity.VisualStudio.Editor.dll
Symbol file LoadedFromMemory is not a mono symbol file
Native extension for WindowsStandalone target not found
Native extension for OSXStandalone target not found
Refreshing native plugins compatible for Editor in 0.32 ms, found 0 plugins.
Preloading 0 native plugins for Editor in 0.00 ms.
Mono: successfully reloaded assembly
- Completed reload, in  1.142 seconds
Platform modules already initialized, skipping
Refreshing native plugins compatible for Editor in 0.48 ms, found 0 plugins.
Preloading 0 native plugins for Editor in 0.00 ms.
Unloading 1690 Unused Serialized files (Serialized files now loaded: 0)
System memory in use before: 189.3 MB.
System memory in use after: 189.3 MB.

Unloading 7 unused Assets to reduce memory usage. Loaded Objects now: 2235.
Total: 2.999000 ms (FindLiveObjects: 0.159100 ms CreateObjectMapping: 0.055000 ms MarkObjects: 2.723000 ms  DeleteObjects: 0.060700 ms)

========================================================================
Received Prepare
Registering precompiled user dll's ...
Registered in 0.001675 seconds.
Begin MonoManager ReloadAssembly
Symbol file data-0000026C503575A0 doesn't match image D:\MS Word files\School\ADMU\3rd year\2nd Sem\ISCS Game Dev\OverTheShoulder\Library\ScriptAssemblies\Unity.VSCode.Editor.dll
Symbol file LoadedFromMemory is not a mono symbol file
Symbol file data-0000026C066616A0 doesn't match image D:\MS Word files\School\ADMU\3rd year\2nd Sem\ISCS Game Dev\OverTheShoulder\Library\ScriptAssemblies\Unity.VisualStudio.Editor.dll
Symbol file LoadedFromMemory is not a mono symbol file
Native extension for WindowsStandalone target not found
Native extension for OSXStandalone target not found
Refreshing native plugins compatible for Editor in 0.39 ms, found 0 plugins.
Preloading 0 native plugins for Editor in 0.00 ms.
Mono: successfully reloaded assembly
- Completed reload, in  1.241 seconds
Platform modules already initialized, skipping
Refreshing native plugins compatible for Editor in 0.34 ms, found 0 plugins.
Preloading 0 native plugins for Editor in 0.00 ms.
Unloading 1690 Unused Serialized files (Serialized files now loaded: 0)
System memory in use before: 189.3 MB.
System memory in use after: 189.3 MB.

Unloading 7 unused Assets to reduce memory usage. Loaded Objects now: 2238.
Total: 3.308900 ms (FindLiveObjects: 0.180700 ms CreateObjectMapping: 0.064200 ms MarkObjects: 3.011200 ms  DeleteObjects: 0.051500 ms)

========================================================================
Received Prepare
Registering precompiled user dll's ...
Registered in 0.002054 seconds.
Begin MonoManager ReloadAssembly
Symbol file data-0000026BE01EB460 doesn't match image D:\MS Word files\School\ADMU\3rd year\2nd Sem\ISCS Game Dev\OverTheShoulder\Library\ScriptAssemblies\Unity.VSCode.Editor.dll
Symbol file LoadedFromMemory is not a mono symbol file
Symbol file data-0000026C066616A0 doesn't match image D:\MS Word files\School\ADMU\3rd year\2nd Sem\ISCS Game Dev\OverTheShoulder\Library\ScriptAssemblies\Unity.VisualStudio.Editor.dll
Symbol file LoadedFromMemory is not a mono symbol file
Native extension for WindowsStandalone target not found
Native extension for OSXStandalone target not found
Refreshing native plugins compatible for Editor in 0.33 ms, found 0 plugins.
Preloading 0 native plugins for Editor in 0.00 ms.
Mono: successfully reloaded assembly
- Completed reload, in  1.020 seconds
Platform modules already initialized, skipping
Refreshing native plugins compatible for Editor in 0.40 ms, found 0 plugins.
Preloading 0 native plugins for Editor in 0.00 ms.
Unloading 1690 Unused Serialized files (Serialized files now loaded: 0)
System memory in use before: 189.3 MB.
System memory in use after: 189.3 MB.

Unloading 7 unused Assets to reduce memory usage. Loaded Objects now: 2241.
Total: 3.061600 ms (FindLiveObjects: 0.162500 ms CreateObjectMapping: 0.056200 ms MarkObjects: 2.759800 ms  DeleteObjects: 0.081800 ms)

========================================================================
Received Prepare
Registering precompiled user dll's ...
Registered in 0.001688 seconds.
Begin MonoManager ReloadAssembly
Symbol file data-0000026C4FFE3690 doesn't match image D:\MS Word files\School\ADMU\3rd year\2nd Sem\ISCS Game Dev\OverTheShoulder\Library\ScriptAssemblies\Unity.VSCode.Editor.dll
Symbol file LoadedFromMemory is not a mono symbol file
Symbol file data-0000026C066616A0 doesn't match image D:\MS Word files\School\ADMU\3rd year\2nd Sem\ISCS Game Dev\OverTheShoulder\Library\ScriptAssemblies\Unity.VisualStudio.Editor.dll
Symbol file LoadedFromMemory is not a mono symbol file
Native extension for WindowsStandalone target not found
Native extension for OSXStandalone target not found
Refreshing native plugins compatible for Editor in 0.32 ms, found 0 plugins.
Preloading 0 native plugins for Editor in 0.00 ms.
Mono: successfully reloaded assembly
- Completed reload, in  1.155 seconds
Platform modules already initialized, skipping
Refreshing native plugins compatible for Editor in 0.33 ms, found 0 plugins.
Preloading 0 native plugins for Editor in 0.00 ms.
Unloading 1690 Unused Serialized files (Serialized files now loaded: 0)
System memory in use before: 189.3 MB.
System memory in use after: 189.3 MB.

Unloading 7 unused Assets to reduce memory usage. Loaded Objects now: 2244.
Total: 3.010600 ms (FindLiveObjects: 0.159500 ms CreateObjectMapping: 0.054000 ms MarkObjects: 2.683500 ms  DeleteObjects: 0.112400 ms)

========================================================================
Received Prepare
Registering precompiled user dll's ...
Registered in 0.001686 seconds.
Begin MonoManager ReloadAssembly
Symbol file data-0000026C4FFE3690 doesn't match image D:\MS Word files\School\ADMU\3rd year\2nd Sem\ISCS Game Dev\OverTheShoulder\Library\ScriptAssemblies\Unity.VSCode.Editor.dll
Symbol file LoadedFromMemory is not a mono symbol file
Symbol file data-0000026C066616A0 doesn't match image D:\MS Word files\School\ADMU\3rd year\2nd Sem\ISCS Game Dev\OverTheShoulder\Library\ScriptAssemblies\Unity.VisualStudio.Editor.dll
Symbol file LoadedFromMemory is not a mono symbol file
Native extension for WindowsStandalone target not found
Native extension for OSXStandalone target not found
Refreshing native plugins compatible for Editor in 0.31 ms, found 0 plugins.
Preloading 0 native plugins for Editor in 0.00 ms.
Mono: successfully reloaded assembly
- Completed reload, in  1.102 seconds
Platform modules already initialized, skipping
Refreshing native plugins compatible for Editor in 0.32 ms, found 0 plugins.
Preloading 0 native plugins for Editor in 0.00 ms.
Unloading 1690 Unused Serialized files (Serialized files now loaded: 0)
System memory in use before: 189.3 MB.
System memory in use after: 189.3 MB.

Unloading 7 unused Assets to reduce memory usage. Loaded Objects now: 2247.
Total: 2.599700 ms (FindLiveObjects: 0.158100 ms CreateObjectMapping: 0.065300 ms MarkObjects: 2.309900 ms  DeleteObjects: 0.065200 ms)

========================================================================
Received Prepare
Registering precompiled user dll's ...
Registered in 0.001698 seconds.
Begin MonoManager ReloadAssembly
Symbol file data-0000026BE01EB460 doesn't match image D:\MS Word files\School\ADMU\3rd year\2nd Sem\ISCS Game Dev\OverTheShoulder\Library\ScriptAssemblies\Unity.VSCode.Editor.dll
Symbol file LoadedFromMemory is not a mono symbol file
Symbol file data-0000026C066616A0 doesn't match image D:\MS Word files\School\ADMU\3rd year\2nd Sem\ISCS Game Dev\OverTheShoulder\Library\ScriptAssemblies\Unity.VisualStudio.Editor.dll
Symbol file LoadedFromMemory is not a mono symbol file
Native extension for WindowsStandalone target not found
Native extension for OSXStandalone target not found
Refreshing native plugins compatible for Editor in 0.36 ms, found 0 plugins.
Preloading 0 native plugins for Editor in 0.00 ms.
Mono: successfully reloaded assembly
- Completed reload, in  1.287 seconds
Platform modules already initialized, skipping
Refreshing native plugins compatible for Editor in 0.32 ms, found 0 plugins.
Preloading 0 native plugins for Editor in 0.00 ms.
Unloading 1690 Unused Serialized files (Serialized files now loaded: 0)
System memory in use before: 189.3 MB.
System memory in use after: 189.4 MB.

Unloading 7 unused Assets to reduce memory usage. Loaded Objects now: 2250.
Total: 2.621000 ms (FindLiveObjects: 0.158600 ms CreateObjectMapping: 0.060400 ms MarkObjects: 2.340900 ms  DeleteObjects: 0.060000 ms)

========================================================================
Received Prepare
Registering precompiled user dll's ...
Registered in 0.001743 seconds.
Begin MonoManager ReloadAssembly
Symbol file data-0000026C513D9020 doesn't match image D:\MS Word files\School\ADMU\3rd year\2nd Sem\ISCS Game Dev\OverTheShoulder\Library\ScriptAssemblies\Unity.VSCode.Editor.dll
Symbol file LoadedFromMemory is not a mono symbol file
Symbol file data-0000026C066616A0 doesn't match image D:\MS Word files\School\ADMU\3rd year\2nd Sem\ISCS Game Dev\OverTheShoulder\Library\ScriptAssemblies\Unity.VisualStudio.Editor.dll
Symbol file LoadedFromMemory is not a mono symbol file
Native extension for WindowsStandalone target not found
Native extension for OSXStandalone target not found
Refreshing native plugins compatible for Editor in 0.57 ms, found 0 plugins.
Preloading 0 native plugins for Editor in 0.00 ms.
Mono: successfully reloaded assembly
- Completed reload, in  1.130 seconds
Platform modules already initialized, skipping
Refreshing native plugins compatible for Editor in 0.40 ms, found 0 plugins.
Preloading 0 native plugins for Editor in 0.00 ms.
Unloading 1690 Unused Serialized files (Serialized files now loaded: 0)
System memory in use before: 189.3 MB.
System memory in use after: 189.4 MB.

Unloading 7 unused Assets to reduce memory usage. Loaded Objects now: 2253.
Total: 3.237100 ms (FindLiveObjects: 0.342300 ms CreateObjectMapping: 0.179700 ms MarkObjects: 2.649200 ms  DeleteObjects: 0.064400 ms)

========================================================================
Received Prepare
Registering precompiled user dll's ...
Registered in 0.001662 seconds.
Begin MonoManager ReloadAssembly
Symbol file data-0000026C55958020 doesn't match image D:\MS Word files\School\ADMU\3rd year\2nd Sem\ISCS Game Dev\OverTheShoulder\Library\ScriptAssemblies\Unity.VSCode.Editor.dll
Symbol file LoadedFromMemory is not a mono symbol file
Symbol file data-0000026C503EA040 doesn't match image D:\MS Word files\School\ADMU\3rd year\2nd Sem\ISCS Game Dev\OverTheShoulder\Library\ScriptAssemblies\Unity.VisualStudio.Editor.dll
Symbol file LoadedFromMemory is not a mono symbol file
Native extension for WindowsStandalone target not found
Native extension for OSXStandalone target not found
Refreshing native plugins compatible for Editor in 0.44 ms, found 0 plugins.
Preloading 0 native plugins for Editor in 0.00 ms.
Mono: successfully reloaded assembly
- Completed reload, in  1.258 seconds
Platform modules already initialized, skipping
Refreshing native plugins compatible for Editor in 0.32 ms, found 0 plugins.
Preloading 0 native plugins for Editor in 0.00 ms.
Unloading 1690 Unused Serialized files (Serialized files now loaded: 0)
System memory in use before: 189.4 MB.
System memory in use after: 189.5 MB.

Unloading 7 unused Assets to reduce memory usage. Loaded Objects now: 2256.
Total: 3.170000 ms (FindLiveObjects: 0.180300 ms CreateObjectMapping: 0.068400 ms MarkObjects: 2.834000 ms  DeleteObjects: 0.086200 ms)

========================================================================
Received Prepare
Registering precompiled user dll's ...
Registered in 0.002438 seconds.
Begin MonoManager ReloadAssembly
Symbol file data-0000026C503575A0 doesn't match image D:\MS Word files\School\ADMU\3rd year\2nd Sem\ISCS Game Dev\OverTheShoulder\Library\ScriptAssemblies\Unity.VSCode.Editor.dll
Symbol file LoadedFromMemory is not a mono symbol file
Symbol file data-0000026C503EA040 doesn't match image D:\MS Word files\School\ADMU\3rd year\2nd Sem\ISCS Game Dev\OverTheShoulder\Library\ScriptAssemblies\Unity.VisualStudio.Editor.dll
Symbol file LoadedFromMemory is not a mono symbol file
Native extension for WindowsStandalone target not found
Native extension for OSXStandalone target not found
Refreshing native plugins compatible for Editor in 0.40 ms, found 0 plugins.
Preloading 0 native plugins for Editor in 0.00 ms.
Mono: successfully reloaded assembly
- Completed reload, in  1.276 seconds
Platform modules already initialized, skipping
Refreshing native plugins compatible for Editor in 0.64 ms, found 0 plugins.
Preloading 0 native plugins for Editor in 0.00 ms.
Unloading 1690 Unused Serialized files (Serialized files now loaded: 0)
System memory in use before: 189.4 MB.
System memory in use after: 189.5 MB.

Unloading 7 unused Assets to reduce memory usage. Loaded Objects now: 2259.
Total: 3.864000 ms (FindLiveObjects: 0.170500 ms CreateObjectMapping: 0.058900 ms MarkObjects: 3.563000 ms  DeleteObjects: 0.070200 ms)

========================================================================
Received Prepare
Registering precompiled user dll's ...
Registered in 0.002345 seconds.
Begin MonoManager ReloadAssembly
Symbol file data-0000026C55958020 doesn't match image D:\MS Word files\School\ADMU\3rd year\2nd Sem\ISCS Game Dev\OverTheShoulder\Library\ScriptAssemblies\Unity.VSCode.Editor.dll
Symbol file LoadedFromMemory is not a mono symbol file
Symbol file data-0000026C066616A0 doesn't match image D:\MS Word files\School\ADMU\3rd year\2nd Sem\ISCS Game Dev\OverTheShoulder\Library\ScriptAssemblies\Unity.VisualStudio.Editor.dll
Symbol file LoadedFromMemory is not a mono symbol file
Native extension for WindowsStandalone target not found
Native extension for OSXStandalone target not found
Refreshing native plugins compatible for Editor in 0.49 ms, found 0 plugins.
Preloading 0 native plugins for Editor in 0.00 ms.
Mono: successfully reloaded assembly
- Completed reload, in  1.059 seconds
Platform modules already initialized, skipping
Refreshing native plugins compatible for Editor in 0.32 ms, found 0 plugins.
Preloading 0 native plugins for Editor in 0.00 ms.
Unloading 1690 Unused Serialized files (Serialized files now loaded: 0)
System memory in use before: 189.4 MB.
System memory in use after: 189.5 MB.

Unloading 7 unused Assets to reduce memory usage. Loaded Objects now: 2262.
Total: 2.799000 ms (FindLiveObjects: 0.162400 ms CreateObjectMapping: 0.054900 ms MarkObjects: 2.502600 ms  DeleteObjects: 0.078000 ms)

========================================================================
Received Prepare
Registering precompiled user dll's ...
Registered in 0.001773 seconds.
Begin MonoManager ReloadAssembly
Symbol file data-0000026C503575A0 doesn't match image D:\MS Word files\School\ADMU\3rd year\2nd Sem\ISCS Game Dev\OverTheShoulder\Library\ScriptAssemblies\Unity.VSCode.Editor.dll
Symbol file LoadedFromMemory is not a mono symbol file
Symbol file data-0000026C066616A0 doesn't match image D:\MS Word files\School\ADMU\3rd year\2nd Sem\ISCS Game Dev\OverTheShoulder\Library\ScriptAssemblies\Unity.VisualStudio.Editor.dll
Symbol file LoadedFromMemory is not a mono symbol file
Native extension for WindowsStandalone target not found
Native extension for OSXStandalone target not found
Refreshing native plugins compatible for Editor in 0.50 ms, found 0 plugins.
Preloading 0 native plugins for Editor in 0.00 ms.
Mono: successfully reloaded assembly
- Completed reload, in  1.288 seconds
Platform modules already initialized, skipping
Refreshing native plugins compatible for Editor in 0.56 ms, found 0 plugins.
Preloading 0 native plugins for Editor in 0.00 ms.
Unloading 1690 Unused Serialized files (Serialized files now loaded: 0)
System memory in use before: 189.4 MB.
System memory in use after: 189.5 MB.

Unloading 7 unused Assets to reduce memory usage. Loaded Objects now: 2265.
Total: 4.403100 ms (FindLiveObjects: 0.177200 ms CreateObjectMapping: 0.071800 ms MarkObjects: 4.084900 ms  DeleteObjects: 0.067500 ms)

========================================================================
Received Prepare
Registering precompiled user dll's ...
Registered in 0.001799 seconds.
Begin MonoManager ReloadAssembly
Symbol file data-0000026C503575A0 doesn't match image D:\MS Word files\School\ADMU\3rd year\2nd Sem\ISCS Game Dev\OverTheShoulder\Library\ScriptAssemblies\Unity.VSCode.Editor.dll
Symbol file LoadedFromMemory is not a mono symbol file
Symbol file data-0000026C066616A0 doesn't match image D:\MS Word files\School\ADMU\3rd year\2nd Sem\ISCS Game Dev\OverTheShoulder\Library\ScriptAssemblies\Unity.VisualStudio.Editor.dll
Symbol file LoadedFromMemory is not a mono symbol file
Native extension for WindowsStandalone target not found
Native extension for OSXStandalone target not found
Refreshing native plugins compatible for Editor in 0.33 ms, found 0 plugins.
Preloading 0 native plugins for Editor in 0.00 ms.
Mono: successfully reloaded assembly
- Completed reload, in  1.139 seconds
Platform modules already initialized, skipping
Refreshing native plugins compatible for Editor in 0.32 ms, found 0 plugins.
Preloading 0 native plugins for Editor in 0.00 ms.
Unloading 1690 Unused Serialized files (Serialized files now loaded: 0)
System memory in use before: 189.4 MB.
System memory in use after: 189.5 MB.

Unloading 7 unused Assets to reduce memory usage. Loaded Objects now: 2268.
Total: 3.158700 ms (FindLiveObjects: 0.170100 ms CreateObjectMapping: 0.053300 ms MarkObjects: 2.741400 ms  DeleteObjects: 0.192700 ms)

AssetImportWorkerClient::OnTransportError - code=2 error=End of file
